# JRE version: OpenJDK Runtime Environment (17.0.1+12) (build 17.0.1+12-39)
# Java VM: OpenJDK 64-Bit Server VM (17.0.1+12-39, mixed mode, sharing, tiered, compressed oops, compressed class ptrs, g1 gc, windows-amd64)
GC Precious Log:
 CPUs: 12 total, 12 available
 Memory: 16347M
 Large Page Support: Disabled
 NUMA Support: Disabled
 Compressed Oops: Enabled (Zero based)
 Heap Region Size: 2M
 Heap Min Capacity: 8M
 Heap Initial Capacity: 256M
 Heap Max Capacity: 4088M
 Pre-touch: Disabled
 Parallel Workers: 10
 Concurrent Workers: 3
 Concurrent Refinement Workers: 10
 Periodic GC: Disabled
Heap:
 garbage-first heap   total 987136K, used 797862K [0x0000000700800000, 0x0000000800000000)
  region size 2048K, 20 young (40960K), 3 survivors (6144K)
 Metaspace       used 9345K, committed 9600K, reserved 1064960K
  class space    used 1090K, committed 1216K, reserved 1048576K
GC Heap History (20 events):
Event: 131.604 GC heap after
{Heap after GC invocations=488 (full 2):
 garbage-first heap   total 4186112K, used 3885046K [0x0000000700800000, 0x0000000800000000)
  region size 2048K, 1 young (2048K), 1 survivors (2048K)
 Metaspace       used 9345K, committed 9600K, reserved 1064960K
  class space    used 1090K, committed 1216K, reserved 1048576K
}
Event: 131.688 GC heap before
{Heap before GC invocations=488 (full 2):
 garbage-first heap   total 4186112K, used 4024310K [0x0000000700800000, 0x0000000800000000)
  region size 2048K, 29 young (59392K), 1 survivors (2048K)
 Metaspace       used 9345K, committed 9600K, reserved 1064960K
  class space    used 1090K, committed 1216K, reserved 1048576K
}
Event: 131.708 GC heap after
{Heap after GC invocations=489 (full 2):
 garbage-first heap   total 4186112K, used 4001256K [0x0000000700800000, 0x0000000800000000)
  region size 2048K, 13 young (26624K), 13 survivors (26624K)
 Metaspace       used 9345K, committed 9600K, reserved 1064960K
  class space    used 1090K, committed 1216K, reserved 1048576K
}
Event: 131.708 GC heap before
{Heap before GC invocations=489 (full 2):
 garbage-first heap   total 4186112K, used 4001256K [0x0000000700800000, 0x0000000800000000)
  region size 2048K, 13 young (26624K), 13 survivors (26624K)
 Metaspace       used 9345K, committed 9600K, reserved 1064960K
  class space    used 1090K, committed 1216K, reserved 1048576K
}
Event: 131.812 GC heap after
{Heap after GC invocations=490 (full 3):
 garbage-first heap   total 880640K, used 259007K [0x0000000700800000, 0x0000000800000000)
  region size 2048K, 0 young (0K), 0 survivors (0K)
 Metaspace       used 9345K, committed 9600K, reserved 1064960K
  class space    used 1090K, committed 1216K, reserved 1048576K
}
Event: 131.816 GC heap before
{Heap before GC invocations=490 (full 3):
 garbage-first heap   total 880640K, used 275391K [0x0000000700800000, 0x0000000800000000)
  region size 2048K, 1 young (2048K), 0 survivors (0K)
 Metaspace       used 9345K, committed 9600K, reserved 1064960K
  class space    used 1090K, committed 1216K, reserved 1048576K
}
Event: 131.816 GC heap after
{Heap after GC invocations=491 (full 3):
 garbage-first heap   total 880640K, used 275823K [0x0000000700800000, 0x0000000800000000)
  region size 2048K, 1 young (2048K), 1 survivors (2048K)
 Metaspace       used 9345K, committed 9600K, reserved 1064960K
  class space    used 1090K, committed 1216K, reserved 1048576K
}
Event: 132.011 GC heap before
{Heap before GC invocations=492 (full 3):
 garbage-first heap   total 880640K, used 558447K [0x0000000700800000, 0x0000000800000000)
  region size 2048K, 57 young (116736K), 1 survivors (2048K)
 Metaspace       used 9345K, committed 9600K, reserved 1064960K
  class space    used 1090K, committed 1216K, reserved 1048576K
}
Event: 132.097 GC heap after
{Heap after GC invocations=493 (full 3):
 garbage-first heap   total 880640K, used 494303K [0x0000000700800000, 0x0000000800000000)
  region size 2048K, 19 young (38912K), 19 survivors (38912K)
 Metaspace       used 9345K, committed 9600K, reserved 1064960K
  class space    used 1090K, committed 1216K, reserved 1048576K
}
Event: 132.255 GC heap before
{Heap before GC invocations=494 (full 3):
 garbage-first heap   total 880640K, used 549312K [0x0000000700800000, 0x0000000800000000)
  region size 2048K, 48 young (98304K), 19 survivors (38912K)
 Metaspace       used 9345K, committed 9600K, reserved 1064960K
  class space    used 1090K, committed 1216K, reserved 1048576K
}
Event: 132.355 GC heap after
{Heap after GC invocations=495 (full 3):
 garbage-first heap   total 880640K, used 471542K [0x0000000700800000, 0x0000000800000000)
  region size 2048K, 12 young (24576K), 12 survivors (24576K)
 Metaspace       used 9345K, committed 9600K, reserved 1064960K
  class space    used 1090K, committed 1216K, reserved 1048576K
}
Event: 132.612 GC heap before
{Heap before GC invocations=496 (full 3):
 garbage-first heap   total 880640K, used 688630K [0x0000000700800000, 0x0000000800000000)
  region size 2048K, 85 young (174080K), 12 survivors (24576K)
 Metaspace       used 9345K, committed 9600K, reserved 1064960K
  class space    used 1090K, committed 1216K, reserved 1048576K
}
Event: 132.766 GC heap after
{Heap after GC invocations=497 (full 3):
 garbage-first heap   total 880640K, used 570422K [0x0000000700800000, 0x0000000800000000)
  region size 2048K, 11 young (22528K), 11 survivors (22528K)
 Metaspace       used 9345K, committed 9600K, reserved 1064960K
  class space    used 1090K, committed 1216K, reserved 1048576K
}
Event: 132.793 GC heap before
{Heap before GC invocations=497 (full 3):
 garbage-first heap   total 880640K, used 590902K [0x0000000700800000, 0x0000000800000000)
  region size 2048K, 21 young (43008K), 11 survivors (22528K)
 Metaspace       used 9345K, committed 9600K, reserved 1064960K
  class space    used 1090K, committed 1216K, reserved 1048576K
}
Event: 132.832 GC heap after
{Heap after GC invocations=498 (full 3):
 garbage-first heap   total 880640K, used 586368K [0x0000000700800000, 0x0000000800000000)
  region size 2048K, 3 young (6144K), 3 survivors (6144K)
 Metaspace       used 9345K, committed 9600K, reserved 1064960K
  class space    used 1090K, committed 1216K, reserved 1048576K
}
Event: 132.832 GC heap before
{Heap before GC invocations=498 (full 3):
 garbage-first heap   total 880640K, used 586368K [0x0000000700800000, 0x0000000800000000)
  region size 2048K, 4 young (8192K), 3 survivors (6144K)
 Metaspace       used 9345K, committed 9600K, reserved 1064960K
  class space    used 1090K, committed 1216K, reserved 1048576K
}
Event: 132.837 GC heap after
{Heap after GC invocations=499 (full 3):
 garbage-first heap   total 880640K, used 588864K [0x0000000700800000, 0x0000000800000000)
  region size 2048K, 1 young (2048K), 1 survivors (2048K)
 Metaspace       used 9345K, committed 9600K, reserved 1064960K
  class space    used 1090K, committed 1216K, reserved 1048576K
}
Event: 133.018 GC heap before
{Heap before GC invocations=500 (full 3):
 garbage-first heap   total 987136K, used 734272K [0x0000000700800000, 0x0000000800000000)
  region size 2048K, 49 young (100352K), 1 survivors (2048K)
 Metaspace       used 9345K, committed 9600K, reserved 1064960K
  class space    used 1090K, committed 1216K, reserved 1048576K
}
Event: 133.104 GC heap after
{Heap after GC invocations=501 (full 3):
 garbage-first heap   total 987136K, used 662694K [0x0000000700800000, 0x0000000800000000)
  region size 2048K, 7 young (14336K), 7 survivors (14336K)
 Metaspace       used 9345K, committed 9600K, reserved 1064960K
  class space    used 1090K, committed 1216K, reserved 1048576K
}
Event: 133.159 GC heap before
{Heap before GC invocations=501 (full 3):
 garbage-first heap   total 987136K, used 797862K [0x0000000700800000, 0x0000000800000000)
  region size 2048K, 24 young (49152K), 7 survivors (14336K)
 Metaspace       used 9345K, committed 9600K, reserved 1064960K
  class space    used 1090K, committed 1216K, reserved 1048576K
}

